Using pre-set license
Built from '2020.3/staging' branch; Version is '2020.3.0f1 (c7b5465681fb) revision 13088070'; Using compiler version '192528614'; Build Type 'Release'
OS: 'Windows 10 Pro; OS build 19043.1288; Version 2009; 64bit' Language: 'en' Physical Memory: 12214 MB
BatchMode: 1, IsHumanControllingUs: 0, StartBugReporterOnCrash: 0, Is64bit: 1, IsPro: 0

 COMMAND LINE ARGUMENTS:
C:\Program Files\Unity\Hub\Editor\2020.3.0f1\Editor\Unity.exe
-adb2
-batchMode
-noUpm
-name
AssetImportWorker0
-projectPath
C:/Users/Nathan/Desktop/Game Development Homework/2D-Beginner-2/Main Character and First Script
-logFile
Logs/AssetImportWorker0.log
-srvPort
56750
Successfully changed project path to: C:/Users/Nathan/Desktop/Game Development Homework/2D-Beginner-2/Main Character and First Script
C:/Users/Nathan/Desktop/Game Development Homework/2D-Beginner-2/Main Character and First Script
Using Asset Import Pipeline V2.
Refreshing native plugins compatible for Editor in 31.48 ms, found 1 plugins.
Preloading 0 native plugins for Editor in 0.00 ms.
Initialize engine version: 2020.3.0f1 (c7b5465681fb)
[Subsystems] Discovering subsystems at path C:/Program Files/Unity/Hub/Editor/2020.3.0f1/Editor/Data/Resources/UnitySubsystems
[Subsystems] Discovering subsystems at path C:/Users/Nathan/Desktop/Game Development Homework/2D-Beginner-2/Main Character and First Script/Assets
GfxDevice: creating device client; threaded=0
Direct3D:
    Version:  Direct3D 11.0 [level 11.1]
    Renderer: Radeon RX 570 Series (ID=0x67df)
    Vendor:   
    VRAM:     4075 MB
    Driver:   27.20.22025.1006
Initialize mono
Mono path[0] = 'C:/Program Files/Unity/Hub/Editor/2020.3.0f1/Editor/Data/Managed'
Mono path[1] = 'C:/Program Files/Unity/Hub/Editor/2020.3.0f1/Editor/Data/MonoBleedingEdge/lib/mono/unityjit'
Mono config path = 'C:/Program Files/Unity/Hub/Editor/2020.3.0f1/Editor/Data/MonoBleedingEdge/etc'
Using monoOptions --debugger-agent=transport=dt_socket,embedding=1,server=y,suspend=n,address=127.0.0.1:56068
Begin MonoManager ReloadAssembly
Registering precompiled unity dll's ...
Register platform support module: C:/Program Files/Unity/Hub/Editor/2020.3.0f1/Editor/Data/PlaybackEngines/WebGLSupport/UnityEditor.WebGL.Extensions.dll
Register platform support module: C:/Program Files/Unity/Hub/Editor/2020.3.0f1/Editor/Data/PlaybackEngines/WindowsStandaloneSupport/UnityEditor.WindowsStandalone.Extensions.dll
Registered in 0.002220 seconds.
Native extension for WindowsStandalone target not found
Native extension for WebGL target not found
Refreshing native plugins compatible for Editor in 31.96 ms, found 1 plugins.
Preloading 0 native plugins for Editor in 0.00 ms.
Invoked RoslynAnalysisRunner static constructor.
RoslynAnalysisRunner will not be running.
RoslynAnalysisRunner has terminated.
Mono: successfully reloaded assembly
- Completed reload, in  1.038 seconds
Platform modules already initialized, skipping
Registering precompiled user dll's ...
Registered in 0.000897 seconds.
Begin MonoManager ReloadAssembly
Native extension for WindowsStandalone target not found
Native extension for WebGL target not found
Refreshing native plugins compatible for Editor in 30.05 ms, found 1 plugins.
Preloading 0 native plugins for Editor in 0.00 ms.
Invoked RoslynAnalysisRunner static constructor.
RoslynAnalysisRunner will not be running.
RoslynAnalysisRunner has terminated.
Mono: successfully reloaded assembly
- Completed reload, in  0.739 seconds
Platform modules already initialized, skipping
========================================================================
Worker process is ready to serve import requests
Launched and connected shader compiler UnityShaderCompiler.exe after 0.03 seconds
Refreshing native plugins compatible for Editor in 0.41 ms, found 1 plugins.
Preloading 0 native plugins for Editor in 0.00 ms.
Unloading 1809 Unused Serialized files (Serialized files now loaded: 0)
System memory in use before: 85.4 MB.
System memory in use after: 85.3 MB.

Unloading 24 unused Assets to reduce memory usage. Loaded Objects now: 2252.
Total: 2.018800 ms (FindLiveObjects: 0.263900 ms CreateObjectMapping: 0.057300 ms MarkObjects: 1.551200 ms  DeleteObjects: 0.145400 ms)

========================================================================
Received Import Request.
  path: Assets/Art/Sprites/UI/NPCPortrait.png
  artifactKey: Guid(aa3e0837878604144b973aa396ea7dbd) Importer(815301076,1909f56bfc062723c751e8b465ee728b)
Start importing Assets/Art/Sprites/UI/NPCPortrait.png using Guid(aa3e0837878604144b973aa396ea7dbd) Importer(815301076,1909f56bfc062723c751e8b465ee728b)  -> (artifact id: '89af87bdfc1e66c0e003d74240dbaf91') in 0.133328 seconds
  Import took 0.136454 seconds .

========================================================================
Received Import Request.
  Time since last request: 0.000251 seconds.
  path: Assets/Art/Sprites/Environmnent/FloorGrassToBricksCorner.png
  artifactKey: Guid(df0b6f9e93b65bc4792e6cf7849c5e37) Importer(815301076,1909f56bfc062723c751e8b465ee728b)
Start importing Assets/Art/Sprites/Environmnent/FloorGrassToBricksCorner.png using Guid(df0b6f9e93b65bc4792e6cf7849c5e37) Importer(815301076,1909f56bfc062723c751e8b465ee728b)  -> (artifact id: '49222f150973e682f1a14061e48b4558') in 0.014033 seconds
  Import took 0.016558 seconds .

========================================================================
Received Import Request.
  Time since last request: 0.000199 seconds.
  path: Assets/Art/Sprites/UI/UIDialogueBox.png
  artifactKey: Guid(ce5afa1fa1b1e684098419a8455659b0) Importer(815301076,1909f56bfc062723c751e8b465ee728b)
Start importing Assets/Art/Sprites/UI/UIDialogueBox.png using Guid(ce5afa1fa1b1e684098419a8455659b0) Importer(815301076,1909f56bfc062723c751e8b465ee728b)  -> (artifact id: '3d0b7d5852047ac80eb3def36ef66e1c') in 0.041464 seconds
  Import took 0.044323 seconds .

========================================================================
Received Import Request.
  Time since last request: 0.000187 seconds.
  path: Assets/Art/Sprites/UI/CharacterPortrait.png
  artifactKey: Guid(e15de6f8d935253448ee4e7709bd216c) Importer(815301076,1909f56bfc062723c751e8b465ee728b)
Start importing Assets/Art/Sprites/UI/CharacterPortrait.png using Guid(e15de6f8d935253448ee4e7709bd216c) Importer(815301076,1909f56bfc062723c751e8b465ee728b)  -> (artifact id: '47cf273c45088720a266b97c77bd343e') in 0.033977 seconds
  Import took 0.036735 seconds .

========================================================================
Received Import Request.
  Time since last request: 0.000204 seconds.
  path: Assets/Art/Sprites/UI/UIBulletIcon.png
  artifactKey: Guid(ca4761f4dd286db43a54d88ad0eb63ba) Importer(815301076,1909f56bfc062723c751e8b465ee728b)
Start importing Assets/Art/Sprites/UI/UIBulletIcon.png using Guid(ca4761f4dd286db43a54d88ad0eb63ba) Importer(815301076,1909f56bfc062723c751e8b465ee728b)  -> (artifact id: '15b3373b5f5325bf08be7042d817d073') in 0.101699 seconds
  Import took 0.104507 seconds .

========================================================================
Received Import Request.
  Time since last request: 0.000181 seconds.
  path: Assets/Art/Sprites/UI/UIHealthFrame.png
  artifactKey: Guid(94d1f28a5aa0ed94b8d3bd15086f4b63) Importer(815301076,1909f56bfc062723c751e8b465ee728b)
Start importing Assets/Art/Sprites/UI/UIHealthFrame.png using Guid(94d1f28a5aa0ed94b8d3bd15086f4b63) Importer(815301076,1909f56bfc062723c751e8b465ee728b)  -> (artifact id: '5ecb02fcf6be6afc2720239db7ce8d9b') in 0.159924 seconds
  Import took 0.162379 seconds .

========================================================================
Received Import Request.
  Time since last request: 0.000173 seconds.
  path: Assets/Art/Sprites/UI/UIHealthBar.png
  artifactKey: Guid(06131b9172a2c144fbb98dd9cb53e741) Importer(815301076,1909f56bfc062723c751e8b465ee728b)
Start importing Assets/Art/Sprites/UI/UIHealthBar.png using Guid(06131b9172a2c144fbb98dd9cb53e741) Importer(815301076,1909f56bfc062723c751e8b465ee728b)  -> (artifact id: '252d43363838a047d4f810dbf95e5e95') in 0.079622 seconds
  Import took 0.082570 seconds .

========================================================================
Received Import Request.
  Time since last request: 5.932460 seconds.
  path: Assets/Art/Tiles/TilePalette.prefab
  artifactKey: Guid(455de86a9acea864693209cad112bfd5) Importer(815301076,1909f56bfc062723c751e8b465ee728b)
Start importing Assets/Art/Tiles/TilePalette.prefab using Guid(455de86a9acea864693209cad112bfd5) Importer(815301076,1909f56bfc062723c751e8b465ee728b)  -> (artifact id: '3f16c65c1c4e0291167b8117eadef924') in 0.010504 seconds
  Import took 0.013458 seconds .

========================================================================
Received Import Request.
  Time since last request: 22.173682 seconds.
  path: Assets/Art/Tiles/FloorBricksToGrassCorner_0.asset
  artifactKey: Guid(0797d658ccbfb444583fde61eecba15e) Importer(815301076,1909f56bfc062723c751e8b465ee728b)
Start importing Assets/Art/Tiles/FloorBricksToGrassCorner_0.asset using Guid(0797d658ccbfb444583fde61eecba15e) Importer(815301076,1909f56bfc062723c751e8b465ee728b)  -> (artifact id: '621a0042deb078fa249ec462b4a6e247') in 0.021712 seconds
  Import took 0.024792 seconds .

========================================================================
Received Import Request.
  Time since last request: 0.000188 seconds.
  path: Assets/Art/Tiles/FloorBricksToGrassCorner_2.asset
  artifactKey: Guid(4f70d38a649b6aa41b7afca6714b652b) Importer(815301076,1909f56bfc062723c751e8b465ee728b)
Start importing Assets/Art/Tiles/FloorBricksToGrassCorner_2.asset using Guid(4f70d38a649b6aa41b7afca6714b652b) Importer(815301076,1909f56bfc062723c751e8b465ee728b)  -> (artifact id: 'a043f4fc6005c171e21cbc7b9a872097') in 0.009497 seconds
  Import took 0.012343 seconds .

========================================================================
Received Import Request.
  Time since last request: 0.000219 seconds.
  path: Assets/Art/Tiles/FloorBricksToGrassCorner_7.asset
  artifactKey: Guid(f56bcaa6c0f5dc14bbe566c501feccf4) Importer(815301076,1909f56bfc062723c751e8b465ee728b)
Start importing Assets/Art/Tiles/FloorBricksToGrassCorner_7.asset using Guid(f56bcaa6c0f5dc14bbe566c501feccf4) Importer(815301076,1909f56bfc062723c751e8b465ee728b)  -> (artifact id: 'ba430f3f14bc3572e9e4ce0a523e56b0') in 0.009314 seconds
  Import took 0.012406 seconds .

========================================================================
Received Import Request.
  Time since last request: 0.000203 seconds.
  path: Assets/Art/Tiles/FloorBricksToGrassCorner_3.asset
  artifactKey: Guid(8bbe190a916690b4ba260ae7dd9196e9) Importer(815301076,1909f56bfc062723c751e8b465ee728b)
Start importing Assets/Art/Tiles/FloorBricksToGrassCorner_3.asset using Guid(8bbe190a916690b4ba260ae7dd9196e9) Importer(815301076,1909f56bfc062723c751e8b465ee728b)  -> (artifact id: 'ecbcbb0998e1311cd2cd6df2a2af6222') in 0.009142 seconds
  Import took 0.011740 seconds .

========================================================================
Received Import Request.
  Time since last request: 0.000181 seconds.
  path: Assets/Art/Tiles/FloorBricksToGrassCorner_1.asset
  artifactKey: Guid(f0fe9f4f5dfaa1e40a414fe80e7a58fe) Importer(815301076,1909f56bfc062723c751e8b465ee728b)
Start importing Assets/Art/Tiles/FloorBricksToGrassCorner_1.asset using Guid(f0fe9f4f5dfaa1e40a414fe80e7a58fe) Importer(815301076,1909f56bfc062723c751e8b465ee728b)  -> (artifact id: 'dd2b0ee4a80b42efa349f7dedacaa53f') in 0.010113 seconds
  Import took 0.012790 seconds .

========================================================================
Received Import Request.
  Time since last request: 0.000163 seconds.
  path: Assets/Art/Tiles/TilePalette.prefab
  artifactKey: Guid(455de86a9acea864693209cad112bfd5) Importer(815301076,1909f56bfc062723c751e8b465ee728b)
Start importing Assets/Art/Tiles/TilePalette.prefab using Guid(455de86a9acea864693209cad112bfd5) Importer(815301076,1909f56bfc062723c751e8b465ee728b)  -> (artifact id: '873acdd796d4c604c2c997a6fa9ae006') in 0.003615 seconds
  Import took 0.006104 seconds .

========================================================================
Received Import Request.
  Time since last request: 0.000200 seconds.
  path: Assets/Art/Tiles/FloorBricksToGrassCorner_5.asset
  artifactKey: Guid(37c0bc9c775134140ad805124252e999) Importer(815301076,1909f56bfc062723c751e8b465ee728b)
Start importing Assets/Art/Tiles/FloorBricksToGrassCorner_5.asset using Guid(37c0bc9c775134140ad805124252e999) Importer(815301076,1909f56bfc062723c751e8b465ee728b)  -> (artifact id: '2d16bc9d395cb3f08595bc82ee3d780c') in 0.009725 seconds
  Import took 0.012661 seconds .

========================================================================
Received Import Request.
  Time since last request: 0.000183 seconds.
  path: Assets/Art/Tiles/FloorBricksToGrassCorner_8.asset
  artifactKey: Guid(5582419c030b8d641bc1f4d854d44cd4) Importer(815301076,1909f56bfc062723c751e8b465ee728b)
Start importing Assets/Art/Tiles/FloorBricksToGrassCorner_8.asset using Guid(5582419c030b8d641bc1f4d854d44cd4) Importer(815301076,1909f56bfc062723c751e8b465ee728b)  -> (artifact id: '844bc028c34ffc73c70f0139506236ed') in 0.023911 seconds
  Import took 0.026487 seconds .

========================================================================
Received Import Request.
  Time since last request: 0.000305 seconds.
  path: Assets/Art/Tiles/FloorBricksToGrassCorner_4.asset
  artifactKey: Guid(ebc5f4321e4ff844bac3f3ebd2c1e643) Importer(815301076,1909f56bfc062723c751e8b465ee728b)
Start importing Assets/Art/Tiles/FloorBricksToGrassCorner_4.asset using Guid(ebc5f4321e4ff844bac3f3ebd2c1e643) Importer(815301076,1909f56bfc062723c751e8b465ee728b)  -> (artifact id: '20495bfac0241a17816fb16ee8aba705') in 0.011280 seconds
  Import took 0.013932 seconds .

========================================================================
Received Import Request.
  Time since last request: 0.000182 seconds.
  path: Assets/Art/Tiles/FloorBricksToGrassCorner_6.asset
  artifactKey: Guid(18a68f984200afc47a3a6a930c0bf44d) Importer(815301076,1909f56bfc062723c751e8b465ee728b)
Start importing Assets/Art/Tiles/FloorBricksToGrassCorner_6.asset using Guid(18a68f984200afc47a3a6a930c0bf44d) Importer(815301076,1909f56bfc062723c751e8b465ee728b)  -> (artifact id: '2e7bb18b08fc49cd7eca52d86d3ef666') in 0.009231 seconds
  Import took 0.011788 seconds .

========================================================================
Received Import Request.
  Time since last request: 111.759756 seconds.
  path: Assets/Art/Sprites/Environmnent/FloorBricksToGrassSquare_0.asset
  artifactKey: Guid(7dfe3d9d60b7dbd4aa6f132d5d4572f6) Importer(815301076,1909f56bfc062723c751e8b465ee728b)
Start importing Assets/Art/Sprites/Environmnent/FloorBricksToGrassSquare_0.asset using Guid(7dfe3d9d60b7dbd4aa6f132d5d4572f6) Importer(815301076,1909f56bfc062723c751e8b465ee728b)  -> (artifact id: '4ab14b9eb6481c348d62b67d773b2975') in 0.009778 seconds
  Import took 0.013413 seconds .

========================================================================
Received Import Request.
  Time since last request: 0.000188 seconds.
  path: Assets/Art/Sprites/Environmnent/FloorBricksToGrassSquare_1.asset
  artifactKey: Guid(dab6d39c8c938f64285d535e731efe8b) Importer(815301076,1909f56bfc062723c751e8b465ee728b)
Start importing Assets/Art/Sprites/Environmnent/FloorBricksToGrassSquare_1.asset using Guid(dab6d39c8c938f64285d535e731efe8b) Importer(815301076,1909f56bfc062723c751e8b465ee728b)  -> (artifact id: '0ba7216c997b29f03e19a12551d36b65') in 0.021256 seconds
  Import took 0.023942 seconds .

========================================================================
Received Import Request.
  Time since last request: 0.000194 seconds.
  path: Assets/Art/Sprites/Environmnent/FloorBricksToGrassSquare_7.asset
  artifactKey: Guid(ec4c8baa430f1dc4ea29fde4c8a7c1f2) Importer(815301076,1909f56bfc062723c751e8b465ee728b)
Start importing Assets/Art/Sprites/Environmnent/FloorBricksToGrassSquare_7.asset using Guid(ec4c8baa430f1dc4ea29fde4c8a7c1f2) Importer(815301076,1909f56bfc062723c751e8b465ee728b)  -> (artifact id: 'b8d3128251d6ccd53f2ccd195b1c3d45') in 0.010160 seconds
  Import took 0.013193 seconds .

========================================================================
Received Import Request.
  Time since last request: 0.000180 seconds.
  path: Assets/Art/Sprites/Environmnent/FloorBricksToGrassSquare_5.asset
  artifactKey: Guid(79cdac0b88ae1954f99f98d03e12b28c) Importer(815301076,1909f56bfc062723c751e8b465ee728b)
Start importing Assets/Art/Sprites/Environmnent/FloorBricksToGrassSquare_5.asset using Guid(79cdac0b88ae1954f99f98d03e12b28c) Importer(815301076,1909f56bfc062723c751e8b465ee728b)  -> (artifact id: 'b2a15fd7f8d8b4dd816b493cc8fd2136') in 0.010014 seconds
  Import took 0.012675 seconds .

========================================================================
Received Import Request.
  Time since last request: 0.000213 seconds.
  path: Assets/Art/Sprites/Environmnent/FloorBricksToGrassSquare_4.asset
  artifactKey: Guid(7597ba2730b541c4c99731bee977555b) Importer(815301076,1909f56bfc062723c751e8b465ee728b)
Start importing Assets/Art/Sprites/Environmnent/FloorBricksToGrassSquare_4.asset using Guid(7597ba2730b541c4c99731bee977555b) Importer(815301076,1909f56bfc062723c751e8b465ee728b)  -> (artifact id: '247e44aa38a1d2342f078c751a480ab7') in 0.010494 seconds
  Import took 0.024850 seconds .

========================================================================
Received Import Request.
  Time since last request: 0.000192 seconds.
  path: Assets/Art/Sprites/Environmnent/FloorBricksToGrassSquare_6.asset
  artifactKey: Guid(9f81a670bddfa2e4b8006f7fbc309f2d) Importer(815301076,1909f56bfc062723c751e8b465ee728b)
Start importing Assets/Art/Sprites/Environmnent/FloorBricksToGrassSquare_6.asset using Guid(9f81a670bddfa2e4b8006f7fbc309f2d) Importer(815301076,1909f56bfc062723c751e8b465ee728b)  -> (artifact id: '6327836d454cc8b1b1f9635057fbf2d1') in 0.010903 seconds
  Import took 0.014129 seconds .

========================================================================
Received Import Request.
  Time since last request: 0.000179 seconds.
  path: Assets/Art/Sprites/Environmnent/FloorBricksToGrassSquare_8.asset
  artifactKey: Guid(c51a5c6148c836147802cd396778ec18) Importer(815301076,1909f56bfc062723c751e8b465ee728b)
Start importing Assets/Art/Sprites/Environmnent/FloorBricksToGrassSquare_8.asset using Guid(c51a5c6148c836147802cd396778ec18) Importer(815301076,1909f56bfc062723c751e8b465ee728b)  -> (artifact id: '7386727dc35c5779413b8d6e2b12743c') in 0.009777 seconds
  Import took 0.012568 seconds .

========================================================================
Received Import Request.
  Time since last request: 0.000210 seconds.
  path: Assets/Art/Sprites/Environmnent/FloorBricksToGrassSquare_2.asset
  artifactKey: Guid(007293d488c29114f9ef96cb8bebee27) Importer(815301076,1909f56bfc062723c751e8b465ee728b)
Start importing Assets/Art/Sprites/Environmnent/FloorBricksToGrassSquare_2.asset using Guid(007293d488c29114f9ef96cb8bebee27) Importer(815301076,1909f56bfc062723c751e8b465ee728b)  -> (artifact id: 'e162cf909b95734aa74888c3098496df') in 0.029877 seconds
  Import took 0.033104 seconds .

========================================================================
Received Import Request.
  Time since last request: 0.000175 seconds.
  path: Assets/Art/Sprites/Environmnent/FloorBricksToGrassSquare_3.asset
  artifactKey: Guid(3db390fa15919b748a0892e88c2ff797) Importer(815301076,1909f56bfc062723c751e8b465ee728b)
Start importing Assets/Art/Sprites/Environmnent/FloorBricksToGrassSquare_3.asset using Guid(3db390fa15919b748a0892e88c2ff797) Importer(815301076,1909f56bfc062723c751e8b465ee728b)  -> (artifact id: 'ac2ca45838ca7d4e70b34edcda464a8e') in 0.009993 seconds
  Import took 0.013147 seconds .

========================================================================
Received Import Request.
  Time since last request: 15.009140 seconds.
  path: Assets/Art/Tiles/TilePalette.prefab
  artifactKey: Guid(455de86a9acea864693209cad112bfd5) Importer(815301076,1909f56bfc062723c751e8b465ee728b)
Start importing Assets/Art/Tiles/TilePalette.prefab using Guid(455de86a9acea864693209cad112bfd5) Importer(815301076,1909f56bfc062723c751e8b465ee728b)  -> (artifact id: 'cfd567ed3850bce712ddfc42eea52ad6') in 0.004192 seconds
  Import took 0.007422 seconds .

AssetImportWorkerClient::OnTransportError - code=2 error=End of file
